{"uuid":"2c4d7ff4-cc26-4933-a80b-ff220e7943a0","historyId":"ee9e59d8eb0273354e47764e16826b1d","fullName":"POC.Test1.test01_verifyWaterio","labels":[{"name":"package","value":"POC.Test1"},{"name":"testClass","value":"POC.Test1"},{"name":"testMethod","value":"test01_verifyWaterio"},{"name":"parentSuite","value":"Default Suite"},{"name":"suite","value":"Water-io-Automation-master"},{"name":"subSuite","value":"POC.Test1"},{"name":"host","value":"DESKTOP-6FGAVGB"},{"name":"thread","value":"13924@DESKTOP-6FGAVGB.main(1)"},{"name":"framework","value":"testng"},{"name":"language","value":"java"}],"links":[],"name":"Test01 - can't upload a nw post before the previous is approved","status":"broken","statusDetails":{"known":false,"muted":false,"flaky":false,"message":"An unknown server-side error occurred while processing the command. Original error: Cannot execute command tap, server reponse {\n  \"isError\": true,\n  \"response\": \"Uncaught extension error while executing tap: The finder \\\"zero widgets with key [<'button_add_hydration'>] (considering only hit-testable ones) (ignoring offstage widgets)\\\" (used in a call to \\\"tap()\\\") could not find any matching widgets.\\n#0      WidgetController._getElementPoint (package:flutter_test/src/controller.dart:1224:7)\\n#1      WidgetController.getCenter (package:flutter_test/src/controller.dart:1163:12)\\n#2      WidgetController.tap (package:flutter_test/src/controller.dart:504:18)\\n#3      CommandHandlerFactory._tap (package:flutter_driver/src/common/handler_factory.dart:238:18)\\n<asynchronous suspension>\\n#4      FlutterDriverExtension.call (package:flutter_driver/src/extension/extension.dart:372:31)\\n<asynchronous suspension>\\n#5      BindingBase.registerServiceExtension.<anonymous closure> (package:flutter/src/foundation/binding.dart:856:18)\\n<asynchronous suspension>\\n\",\n  \"type\": \"_extensionType\",\n  \"method\": \"ext.flutter.driver\"\n}\nBuild info: version: '4.9.1', revision: 'eb2032df7f'\nSystem info: os.name: 'Windows 10', os.arch: 'amd64', os.version: '10.0', java.version: '17.0.6'\nDriver info: io.appium.java_client.android.AndroidDriver\nCommand: [defad001-6141-447e-99bd-fc8bc1cfb16a, clickElement {id=eyJrZXlWYWx1ZVR5cGUiOiJTdHJpbmciLCJrZXlWYWx1ZVN0cmluZyI6ImJ1dHRvbl9hZGRfaHlkcmF0aW9uIiwiZmluZGVyVHlwZSI6IkJ5VmFsdWVLZXkifQ==}]\nCapabilities {appium:address: 127.0.0.1, appium:allowCors: false, appium:allowInsecure: [], appium:appActivity: .MainActivity, appium:appPackage: io.water.hydration, appium:autoGrantPermissions: true, appium:automationName: Flutter, appium:basePath: , appium:callbackPort: 4723, appium:debugLogSpacing: false, appium:denyInsecure: [], appium:extraArgs: [], appium:fastReset: false, appium:fullReset: false, appium:keepAliveTimeout: 600, appium:localTimezone: false, appium:logNoColors: false, appium:logTimestamp: false, appium:loglevel: debug, appium:longStacktrace: false, appium:newCommandTimeout: 300, appium:noPermsCheck: false, appium:noReset: true, appium:platformVersion: 12, appium:port: 4723, appium:relaxedSecurityEnabled: false, appium:resetKeyboard: true, appium:sessionOverride: false, appium:skipUninstall: true, appium:strictCaps: false, appium:subcommand: server, appium:tmpDir: C:\\Users\\Roi\\AppData\\Local\\..., appium:udid: ZPGUJ76XUWQGJRKJ, appium:unicodeKeyboard: true, appium:useDrivers: [], appium:usePlugins: [], platformName: ANDROID}\nElement: [io.github.ashwith.flutter.FlutterElement@8c2d06d5 -> unknown locator]\nSession ID: defad001-6141-447e-99bd-fc8bc1cfb16a","trace":"org.openqa.selenium.WebDriverException: An unknown server-side error occurred while processing the command. Original error: Cannot execute command tap, server reponse {\n  \"isError\": true,\n  \"response\": \"Uncaught extension error while executing tap: The finder \\\"zero widgets with key [<'button_add_hydration'>] (considering only hit-testable ones) (ignoring offstage widgets)\\\" (used in a call to \\\"tap()\\\") could not find any matching widgets.\\n#0      WidgetController._getElementPoint (package:flutter_test/src/controller.dart:1224:7)\\n#1      WidgetController.getCenter (package:flutter_test/src/controller.dart:1163:12)\\n#2      WidgetController.tap (package:flutter_test/src/controller.dart:504:18)\\n#3      CommandHandlerFactory._tap (package:flutter_driver/src/common/handler_factory.dart:238:18)\\n<asynchronous suspension>\\n#4      FlutterDriverExtension.call (package:flutter_driver/src/extension/extension.dart:372:31)\\n<asynchronous suspension>\\n#5      BindingBase.registerServiceExtension.<anonymous closure> (package:flutter/src/foundation/binding.dart:856:18)\\n<asynchronous suspension>\\n\",\n  \"type\": \"_extensionType\",\n  \"method\": \"ext.flutter.driver\"\n}\nBuild info: version: '4.9.1', revision: 'eb2032df7f'\nSystem info: os.name: 'Windows 10', os.arch: 'amd64', os.version: '10.0', java.version: '17.0.6'\nDriver info: io.appium.java_client.android.AndroidDriver\nCommand: [defad001-6141-447e-99bd-fc8bc1cfb16a, clickElement {id=eyJrZXlWYWx1ZVR5cGUiOiJTdHJpbmciLCJrZXlWYWx1ZVN0cmluZyI6ImJ1dHRvbl9hZGRfaHlkcmF0aW9uIiwiZmluZGVyVHlwZSI6IkJ5VmFsdWVLZXkifQ==}]\nCapabilities {appium:address: 127.0.0.1, appium:allowCors: false, appium:allowInsecure: [], appium:appActivity: .MainActivity, appium:appPackage: io.water.hydration, appium:autoGrantPermissions: true, appium:automationName: Flutter, appium:basePath: , appium:callbackPort: 4723, appium:debugLogSpacing: false, appium:denyInsecure: [], appium:extraArgs: [], appium:fastReset: false, appium:fullReset: false, appium:keepAliveTimeout: 600, appium:localTimezone: false, appium:logNoColors: false, appium:logTimestamp: false, appium:loglevel: debug, appium:longStacktrace: false, appium:newCommandTimeout: 300, appium:noPermsCheck: false, appium:noReset: true, appium:platformVersion: 12, appium:port: 4723, appium:relaxedSecurityEnabled: false, appium:resetKeyboard: true, appium:sessionOverride: false, appium:skipUninstall: true, appium:strictCaps: false, appium:subcommand: server, appium:tmpDir: C:\\Users\\Roi\\AppData\\Local\\..., appium:udid: ZPGUJ76XUWQGJRKJ, appium:unicodeKeyboard: true, appium:useDrivers: [], appium:usePlugins: [], platformName: ANDROID}\nElement: [io.github.ashwith.flutter.FlutterElement@8c2d06d5 -> unknown locator]\nSession ID: defad001-6141-447e-99bd-fc8bc1cfb16a\r\n\tat java.base/jdk.internal.reflect.NativeConstructorAccessorImpl.newInstance0(Native Method)\r\n\tat java.base/jdk.internal.reflect.NativeConstructorAccessorImpl.newInstance(NativeConstructorAccessorImpl.java:77)\r\n\tat java.base/jdk.internal.reflect.DelegatingConstructorAccessorImpl.newInstance(DelegatingConstructorAccessorImpl.java:45)\r\n\tat java.base/java.lang.reflect.Constructor.newInstanceWithCaller(Constructor.java:499)\r\n\tat java.base/java.lang.reflect.Constructor.newInstance(Constructor.java:480)\r\n\tat org.openqa.selenium.remote.codec.w3c.W3CHttpResponseCodec.createException(W3CHttpResponseCodec.java:200)\r\n\tat org.openqa.selenium.remote.codec.w3c.W3CHttpResponseCodec.decode(W3CHttpResponseCodec.java:133)\r\n\tat org.openqa.selenium.remote.codec.w3c.W3CHttpResponseCodec.decode(W3CHttpResponseCodec.java:53)\r\n\tat org.openqa.selenium.remote.HttpCommandExecutor.execute(HttpCommandExecutor.java:193)\r\n\tat io.appium.java_client.remote.AppiumCommandExecutor.execute(AppiumCommandExecutor.java:250)\r\n\tat org.openqa.selenium.remote.RemoteWebDriver.execute(RemoteWebDriver.java:543)\r\n\tat org.openqa.selenium.remote.RemoteWebElement.execute(RemoteWebElement.java:257)\r\n\tat org.openqa.selenium.remote.RemoteWebElement.click(RemoteWebElement.java:78)\r\n\tat POC.Test1.test01_verifyWaterio(Test1.java:41)\r\n\tat java.base/jdk.internal.reflect.NativeMethodAccessorImpl.invoke0(Native Method)\r\n\tat java.base/jdk.internal.reflect.NativeMethodAccessorImpl.invoke(NativeMethodAccessorImpl.java:77)\r\n\tat java.base/jdk.internal.reflect.DelegatingMethodAccessorImpl.invoke(DelegatingMethodAccessorImpl.java:43)\r\n\tat java.base/java.lang.reflect.Method.invoke(Method.java:568)\r\n\tat org.testng.internal.invokers.MethodInvocationHelper.invokeMethod(MethodInvocationHelper.java:139)\r\n\tat org.testng.internal.invokers.TestInvoker.invokeMethod(TestInvoker.java:664)\r\n\tat org.testng.internal.invokers.TestInvoker.invokeTestMethod(TestInvoker.java:227)\r\n\tat org.testng.internal.invokers.MethodRunner.runInSequence(MethodRunner.java:50)\r\n\tat org.testng.internal.invokers.TestInvoker$MethodInvocationAgent.invoke(TestInvoker.java:957)\r\n\tat org.testng.internal.invokers.TestInvoker.invokeTestMethods(TestInvoker.java:200)\r\n\tat org.testng.internal.invokers.TestMethodWorker.invokeTestMethods(TestMethodWorker.java:148)\r\n\tat org.testng.internal.invokers.TestMethodWorker.run(TestMethodWorker.java:128)\r\n\tat java.base/java.util.ArrayList.forEach(ArrayList.java:1511)\r\n\tat org.testng.TestRunner.privateRun(TestRunner.java:848)\r\n\tat org.testng.TestRunner.run(TestRunner.java:621)\r\n\tat org.testng.SuiteRunner.runTest(SuiteRunner.java:443)\r\n\tat org.testng.SuiteRunner.runSequentially(SuiteRunner.java:437)\r\n\tat org.testng.SuiteRunner.privateRun(SuiteRunner.java:397)\r\n\tat org.testng.SuiteRunner.run(SuiteRunner.java:336)\r\n\tat org.testng.SuiteRunnerWorker.runSuite(SuiteRunnerWorker.java:52)\r\n\tat org.testng.SuiteRunnerWorker.run(SuiteRunnerWorker.java:95)\r\n\tat org.testng.TestNG.runSuitesSequentially(TestNG.java:1280)\r\n\tat org.testng.TestNG.runSuitesLocally(TestNG.java:1200)\r\n\tat org.testng.TestNG.runSuites(TestNG.java:1114)\r\n\tat org.testng.TestNG.run(TestNG.java:1082)\r\n\tat com.intellij.rt.testng.IDEARemoteTestNG.run(IDEARemoteTestNG.java:66)\r\n\tat com.intellij.rt.testng.RemoteTestNGStarter.main(RemoteTestNGStarter.java:109)\r\n"},"stage":"finished","description":"This test case verify a user can't send a post before the previous one is approved","steps":[{"name":"Test","status":"broken","statusDetails":{"known":false,"muted":false,"flaky":false,"message":"An unknown server-side error occurred while processing the command. Original error: Cannot execute command tap, server reponse {\n  \"isError\": true,\n  \"response\": \"Uncaught extension error while executing tap: The finder \\\"zero widgets with key [<'button_add_hydration'>] (considering only hit-testable ones) (ignoring offstage widgets)\\\" (used in a call to \\\"tap()\\\") could not find any matching widgets.\\n#0      WidgetController._getElementPoint (package:flutter_test/src/controller.dart:1224:7)\\n#1      WidgetController.getCenter (package:flutter_test/src/controller.dart:1163:12)\\n#2      WidgetController.tap (package:flutter_test/src/controller.dart:504:18)\\n#3      CommandHandlerFactory._tap (package:flutter_driver/src/common/handler_factory.dart:238:18)\\n<asynchronous suspension>\\n#4      FlutterDriverExtension.call (package:flutter_driver/src/extension/extension.dart:372:31)\\n<asynchronous suspension>\\n#5      BindingBase.registerServiceExtension.<anonymous closure> (package:flutter/src/foundation/binding.dart:856:18)\\n<asynchronous suspension>\\n\",\n  \"type\": \"_extensionType\",\n  \"method\": \"ext.flutter.driver\"\n}\nBuild info: version: '4.9.1', revision: 'eb2032df7f'\nSystem info: os.name: 'Windows 10', os.arch: 'amd64', os.version: '10.0', java.version: '17.0.6'\nDriver info: io.appium.java_client.android.AndroidDriver\nCommand: [defad001-6141-447e-99bd-fc8bc1cfb16a, clickElement {id=eyJrZXlWYWx1ZVR5cGUiOiJTdHJpbmciLCJrZXlWYWx1ZVN0cmluZyI6ImJ1dHRvbl9hZGRfaHlkcmF0aW9uIiwiZmluZGVyVHlwZSI6IkJ5VmFsdWVLZXkifQ==}]\nCapabilities {appium:address: 127.0.0.1, appium:allowCors: false, appium:allowInsecure: [], appium:appActivity: .MainActivity, appium:appPackage: io.water.hydration, appium:autoGrantPermissions: true, appium:automationName: Flutter, appium:basePath: , appium:callbackPort: 4723, appium:debugLogSpacing: false, appium:denyInsecure: [], appium:extraArgs: [], appium:fastReset: false, appium:fullReset: false, appium:keepAliveTimeout: 600, appium:localTimezone: false, appium:logNoColors: false, appium:logTimestamp: false, appium:loglevel: debug, appium:longStacktrace: false, appium:newCommandTimeout: 300, appium:noPermsCheck: false, appium:noReset: true, appium:platformVersion: 12, appium:port: 4723, appium:relaxedSecurityEnabled: false, appium:resetKeyboard: true, appium:sessionOverride: false, appium:skipUninstall: true, appium:strictCaps: false, appium:subcommand: server, appium:tmpDir: C:\\Users\\Roi\\AppData\\Local\\..., appium:udid: ZPGUJ76XUWQGJRKJ, appium:unicodeKeyboard: true, appium:useDrivers: [], appium:usePlugins: [], platformName: ANDROID}\nElement: [io.github.ashwith.flutter.FlutterElement@8c2d06d5 -> unknown locator]\nSession ID: defad001-6141-447e-99bd-fc8bc1cfb16a","trace":"org.openqa.selenium.WebDriverException: An unknown server-side error occurred while processing the command. Original error: Cannot execute command tap, server reponse {\n  \"isError\": true,\n  \"response\": \"Uncaught extension error while executing tap: The finder \\\"zero widgets with key [<'button_add_hydration'>] (considering only hit-testable ones) (ignoring offstage widgets)\\\" (used in a call to \\\"tap()\\\") could not find any matching widgets.\\n#0      WidgetController._getElementPoint (package:flutter_test/src/controller.dart:1224:7)\\n#1      WidgetController.getCenter (package:flutter_test/src/controller.dart:1163:12)\\n#2      WidgetController.tap (package:flutter_test/src/controller.dart:504:18)\\n#3      CommandHandlerFactory._tap (package:flutter_driver/src/common/handler_factory.dart:238:18)\\n<asynchronous suspension>\\n#4      FlutterDriverExtension.call (package:flutter_driver/src/extension/extension.dart:372:31)\\n<asynchronous suspension>\\n#5      BindingBase.registerServiceExtension.<anonymous closure> (package:flutter/src/foundation/binding.dart:856:18)\\n<asynchronous suspension>\\n\",\n  \"type\": \"_extensionType\",\n  \"method\": \"ext.flutter.driver\"\n}\nBuild info: version: '4.9.1', revision: 'eb2032df7f'\nSystem info: os.name: 'Windows 10', os.arch: 'amd64', os.version: '10.0', java.version: '17.0.6'\nDriver info: io.appium.java_client.android.AndroidDriver\nCommand: [defad001-6141-447e-99bd-fc8bc1cfb16a, clickElement {id=eyJrZXlWYWx1ZVR5cGUiOiJTdHJpbmciLCJrZXlWYWx1ZVN0cmluZyI6ImJ1dHRvbl9hZGRfaHlkcmF0aW9uIiwiZmluZGVyVHlwZSI6IkJ5VmFsdWVLZXkifQ==}]\nCapabilities {appium:address: 127.0.0.1, appium:allowCors: false, appium:allowInsecure: [], appium:appActivity: .MainActivity, appium:appPackage: io.water.hydration, appium:autoGrantPermissions: true, appium:automationName: Flutter, appium:basePath: , appium:callbackPort: 4723, appium:debugLogSpacing: false, appium:denyInsecure: [], appium:extraArgs: [], appium:fastReset: false, appium:fullReset: false, appium:keepAliveTimeout: 600, appium:localTimezone: false, appium:logNoColors: false, appium:logTimestamp: false, appium:loglevel: debug, appium:longStacktrace: false, appium:newCommandTimeout: 300, appium:noPermsCheck: false, appium:noReset: true, appium:platformVersion: 12, appium:port: 4723, appium:relaxedSecurityEnabled: false, appium:resetKeyboard: true, appium:sessionOverride: false, appium:skipUninstall: true, appium:strictCaps: false, appium:subcommand: server, appium:tmpDir: C:\\Users\\Roi\\AppData\\Local\\..., appium:udid: ZPGUJ76XUWQGJRKJ, appium:unicodeKeyboard: true, appium:useDrivers: [], appium:usePlugins: [], platformName: ANDROID}\nElement: [io.github.ashwith.flutter.FlutterElement@8c2d06d5 -> unknown locator]\nSession ID: defad001-6141-447e-99bd-fc8bc1cfb16a\r\n\tat java.base/jdk.internal.reflect.NativeConstructorAccessorImpl.newInstance0(Native Method)\r\n\tat java.base/jdk.internal.reflect.NativeConstructorAccessorImpl.newInstance(NativeConstructorAccessorImpl.java:77)\r\n\tat java.base/jdk.internal.reflect.DelegatingConstructorAccessorImpl.newInstance(DelegatingConstructorAccessorImpl.java:45)\r\n\tat java.base/java.lang.reflect.Constructor.newInstanceWithCaller(Constructor.java:499)\r\n\tat java.base/java.lang.reflect.Constructor.newInstance(Constructor.java:480)\r\n\tat org.openqa.selenium.remote.codec.w3c.W3CHttpResponseCodec.createException(W3CHttpResponseCodec.java:200)\r\n\tat org.openqa.selenium.remote.codec.w3c.W3CHttpResponseCodec.decode(W3CHttpResponseCodec.java:133)\r\n\tat org.openqa.selenium.remote.codec.w3c.W3CHttpResponseCodec.decode(W3CHttpResponseCodec.java:53)\r\n\tat org.openqa.selenium.remote.HttpCommandExecutor.execute(HttpCommandExecutor.java:193)\r\n\tat io.appium.java_client.remote.AppiumCommandExecutor.execute(AppiumCommandExecutor.java:250)\r\n\tat org.openqa.selenium.remote.RemoteWebDriver.execute(RemoteWebDriver.java:543)\r\n\tat org.openqa.selenium.remote.RemoteWebElement.execute(RemoteWebElement.java:257)\r\n\tat org.openqa.selenium.remote.RemoteWebElement.click(RemoteWebElement.java:78)\r\n\tat POC.Test1.test01_verifyWaterio(Test1.java:41)\r\n\tat java.base/jdk.internal.reflect.NativeMethodAccessorImpl.invoke0(Native Method)\r\n\tat java.base/jdk.internal.reflect.NativeMethodAccessorImpl.invoke(NativeMethodAccessorImpl.java:77)\r\n\tat java.base/jdk.internal.reflect.DelegatingMethodAccessorImpl.invoke(DelegatingMethodAccessorImpl.java:43)\r\n\tat java.base/java.lang.reflect.Method.invoke(Method.java:568)\r\n\tat org.testng.internal.invokers.MethodInvocationHelper.invokeMethod(MethodInvocationHelper.java:139)\r\n\tat org.testng.internal.invokers.TestInvoker.invokeMethod(TestInvoker.java:664)\r\n\tat org.testng.internal.invokers.TestInvoker.invokeTestMethod(TestInvoker.java:227)\r\n\tat org.testng.internal.invokers.MethodRunner.runInSequence(MethodRunner.java:50)\r\n\tat org.testng.internal.invokers.TestInvoker$MethodInvocationAgent.invoke(TestInvoker.java:957)\r\n\tat org.testng.internal.invokers.TestInvoker.invokeTestMethods(TestInvoker.java:200)\r\n\tat org.testng.internal.invokers.TestMethodWorker.invokeTestMethods(TestMethodWorker.java:148)\r\n\tat org.testng.internal.invokers.TestMethodWorker.run(TestMethodWorker.java:128)\r\n\tat java.base/java.util.ArrayList.forEach(ArrayList.java:1511)\r\n\tat org.testng.TestRunner.privateRun(TestRunner.java:848)\r\n\tat org.testng.TestRunner.run(TestRunner.java:621)\r\n\tat org.testng.SuiteRunner.runTest(SuiteRunner.java:443)\r\n\tat org.testng.SuiteRunner.runSequentially(SuiteRunner.java:437)\r\n\tat org.testng.SuiteRunner.privateRun(SuiteRunner.java:397)\r\n\tat org.testng.SuiteRunner.run(SuiteRunner.java:336)\r\n\tat org.testng.SuiteRunnerWorker.runSuite(SuiteRunnerWorker.java:52)\r\n\tat org.testng.SuiteRunnerWorker.run(SuiteRunnerWorker.java:95)\r\n\tat org.testng.TestNG.runSuitesSequentially(TestNG.java:1280)\r\n\tat org.testng.TestNG.runSuitesLocally(TestNG.java:1200)\r\n\tat org.testng.TestNG.runSuites(TestNG.java:1114)\r\n\tat org.testng.TestNG.run(TestNG.java:1082)\r\n\tat com.intellij.rt.testng.IDEARemoteTestNG.run(IDEARemoteTestNG.java:66)\r\n\tat com.intellij.rt.testng.RemoteTestNGStarter.main(RemoteTestNGStarter.java:109)\r\n"},"stage":"finished","steps":[{"name":"Log in","status":"passed","stage":"finished","steps":[],"attachments":[],"parameters":[],"start":1689689825050,"stop":1689689839985}],"attachments":[],"parameters":[],"start":1689689824975,"stop":1689689899067}],"attachments":[],"parameters":[],"start":1689689824954,"stop":1689689899074}