{"uuid":"ace01d61-358b-4a6e-81d5-a8d36f3a334e","historyId":"ee9e59d8eb0273354e47764e16826b1d","fullName":"POC.Test1.test01_verifyWaterio","labels":[{"name":"package","value":"POC.Test1"},{"name":"testClass","value":"POC.Test1"},{"name":"testMethod","value":"test01_verifyWaterio"},{"name":"parentSuite","value":"Default Suite"},{"name":"suite","value":"Water-io-Automation-master"},{"name":"subSuite","value":"POC.Test1"},{"name":"host","value":"DESKTOP-6FGAVGB"},{"name":"thread","value":"560@DESKTOP-6FGAVGB.main(1)"},{"name":"framework","value":"testng"},{"name":"language","value":"java"}],"links":[],"name":"Test01 - can't upload a nw post before the previous is approved","status":"broken","statusDetails":{"known":false,"muted":false,"flaky":false,"message":"java.util.concurrent.TimeoutException\nBuild info: version: '4.9.1', revision: 'eb2032df7f'\nSystem info: os.name: 'Windows 10', os.arch: 'amd64', os.version: '10.0', java.version: '17.0.6'\nDriver info: io.appium.java_client.android.AndroidDriver\nCommand: [4a64c3fa-2375-4e14-a617-03a5994903db, clickElement {id=eyJrZXlWYWx1ZVR5cGUiOiJTdHJpbmciLCJrZXlWYWx1ZVN0cmluZyI6ImJ1dHRvbl9hZGRfaHlkcmF0aW9uIiwiZmluZGVyVHlwZSI6IkJ5VmFsdWVLZXkifQ==}]\nCapabilities {appium:address: 127.0.0.1, appium:allowCors: false, appium:allowInsecure: [], appium:appActivity: .MainActivity, appium:appPackage: io.water.hydration, appium:autoGrantPermissions: true, appium:automationName: Flutter, appium:basePath: , appium:callbackPort: 4723, appium:debugLogSpacing: false, appium:denyInsecure: [], appium:extraArgs: [], appium:fastReset: false, appium:fullReset: false, appium:keepAliveTimeout: 600, appium:localTimezone: false, appium:logNoColors: false, appium:logTimestamp: false, appium:loglevel: debug, appium:longStacktrace: false, appium:newCommandTimeout: 300, appium:noPermsCheck: false, appium:noReset: true, appium:platformVersion: 12, appium:port: 4723, appium:relaxedSecurityEnabled: false, appium:resetKeyboard: true, appium:sessionOverride: false, appium:skipUninstall: true, appium:strictCaps: false, appium:subcommand: server, appium:tmpDir: C:\\Users\\Roi\\AppData\\Local\\..., appium:udid: ZPGUJ76XUWQGJRKJ, appium:unicodeKeyboard: true, appium:useDrivers: [], appium:usePlugins: [], platformName: ANDROID}\nElement: [io.github.ashwith.flutter.FlutterElement@95dd0c95 -> unknown locator]\nSession ID: 4a64c3fa-2375-4e14-a617-03a5994903db","trace":"org.openqa.selenium.TimeoutException: java.util.concurrent.TimeoutException\nBuild info: version: '4.9.1', revision: 'eb2032df7f'\nSystem info: os.name: 'Windows 10', os.arch: 'amd64', os.version: '10.0', java.version: '17.0.6'\nDriver info: io.appium.java_client.android.AndroidDriver\nCommand: [4a64c3fa-2375-4e14-a617-03a5994903db, clickElement {id=eyJrZXlWYWx1ZVR5cGUiOiJTdHJpbmciLCJrZXlWYWx1ZVN0cmluZyI6ImJ1dHRvbl9hZGRfaHlkcmF0aW9uIiwiZmluZGVyVHlwZSI6IkJ5VmFsdWVLZXkifQ==}]\nCapabilities {appium:address: 127.0.0.1, appium:allowCors: false, appium:allowInsecure: [], appium:appActivity: .MainActivity, appium:appPackage: io.water.hydration, appium:autoGrantPermissions: true, appium:automationName: Flutter, appium:basePath: , appium:callbackPort: 4723, appium:debugLogSpacing: false, appium:denyInsecure: [], appium:extraArgs: [], appium:fastReset: false, appium:fullReset: false, appium:keepAliveTimeout: 600, appium:localTimezone: false, appium:logNoColors: false, appium:logTimestamp: false, appium:loglevel: debug, appium:longStacktrace: false, appium:newCommandTimeout: 300, appium:noPermsCheck: false, appium:noReset: true, appium:platformVersion: 12, appium:port: 4723, appium:relaxedSecurityEnabled: false, appium:resetKeyboard: true, appium:sessionOverride: false, appium:skipUninstall: true, appium:strictCaps: false, appium:subcommand: server, appium:tmpDir: C:\\Users\\Roi\\AppData\\Local\\..., appium:udid: ZPGUJ76XUWQGJRKJ, appium:unicodeKeyboard: true, appium:useDrivers: [], appium:usePlugins: [], platformName: ANDROID}\nElement: [io.github.ashwith.flutter.FlutterElement@95dd0c95 -> unknown locator]\nSession ID: 4a64c3fa-2375-4e14-a617-03a5994903db\r\n\tat org.openqa.selenium.remote.http.netty.NettyHttpHandler.makeCall(NettyHttpHandler.java:65)\r\n\tat io.appium.java_client.AppiumUserAgentFilter.lambda$apply$0(AppiumUserAgentFilter.java:88)\r\n\tat org.openqa.selenium.remote.http.Filter.lambda$andFinally$1(Filter.java:56)\r\n\tat org.openqa.selenium.remote.http.netty.NettyHttpHandler.execute(NettyHttpHandler.java:49)\r\n\tat io.appium.java_client.AppiumUserAgentFilter.lambda$apply$0(AppiumUserAgentFilter.java:88)\r\n\tat org.openqa.selenium.remote.http.Filter.lambda$andFinally$1(Filter.java:56)\r\n\tat org.openqa.selenium.remote.http.netty.NettyClient.execute(NettyClient.java:99)\r\n\tat org.openqa.selenium.remote.HttpCommandExecutor.execute(HttpCommandExecutor.java:190)\r\n\tat io.appium.java_client.remote.AppiumCommandExecutor.execute(AppiumCommandExecutor.java:250)\r\n\tat org.openqa.selenium.remote.RemoteWebDriver.execute(RemoteWebDriver.java:543)\r\n\tat org.openqa.selenium.remote.RemoteWebElement.execute(RemoteWebElement.java:257)\r\n\tat org.openqa.selenium.remote.RemoteWebElement.click(RemoteWebElement.java:78)\r\n\tat POC.Test1.test01_verifyWaterio(Test1.java:41)\r\n\tat java.base/jdk.internal.reflect.NativeMethodAccessorImpl.invoke0(Native Method)\r\n\tat java.base/jdk.internal.reflect.NativeMethodAccessorImpl.invoke(NativeMethodAccessorImpl.java:77)\r\n\tat java.base/jdk.internal.reflect.DelegatingMethodAccessorImpl.invoke(DelegatingMethodAccessorImpl.java:43)\r\n\tat java.base/java.lang.reflect.Method.invoke(Method.java:568)\r\n\tat org.testng.internal.invokers.MethodInvocationHelper.invokeMethod(MethodInvocationHelper.java:139)\r\n\tat org.testng.internal.invokers.TestInvoker.invokeMethod(TestInvoker.java:664)\r\n\tat org.testng.internal.invokers.TestInvoker.invokeTestMethod(TestInvoker.java:227)\r\n\tat org.testng.internal.invokers.MethodRunner.runInSequence(MethodRunner.java:50)\r\n\tat org.testng.internal.invokers.TestInvoker$MethodInvocationAgent.invoke(TestInvoker.java:957)\r\n\tat org.testng.internal.invokers.TestInvoker.invokeTestMethods(TestInvoker.java:200)\r\n\tat org.testng.internal.invokers.TestMethodWorker.invokeTestMethods(TestMethodWorker.java:148)\r\n\tat org.testng.internal.invokers.TestMethodWorker.run(TestMethodWorker.java:128)\r\n\tat java.base/java.util.ArrayList.forEach(ArrayList.java:1511)\r\n\tat org.testng.TestRunner.privateRun(TestRunner.java:848)\r\n\tat org.testng.TestRunner.run(TestRunner.java:621)\r\n\tat org.testng.SuiteRunner.runTest(SuiteRunner.java:443)\r\n\tat org.testng.SuiteRunner.runSequentially(SuiteRunner.java:437)\r\n\tat org.testng.SuiteRunner.privateRun(SuiteRunner.java:397)\r\n\tat org.testng.SuiteRunner.run(SuiteRunner.java:336)\r\n\tat org.testng.SuiteRunnerWorker.runSuite(SuiteRunnerWorker.java:52)\r\n\tat org.testng.SuiteRunnerWorker.run(SuiteRunnerWorker.java:95)\r\n\tat org.testng.TestNG.runSuitesSequentially(TestNG.java:1280)\r\n\tat org.testng.TestNG.runSuitesLocally(TestNG.java:1200)\r\n\tat org.testng.TestNG.runSuites(TestNG.java:1114)\r\n\tat org.testng.TestNG.run(TestNG.java:1082)\r\n\tat com.intellij.rt.testng.IDEARemoteTestNG.run(IDEARemoteTestNG.java:66)\r\n\tat com.intellij.rt.testng.RemoteTestNGStarter.main(RemoteTestNGStarter.java:109)\r\nCaused by: java.util.concurrent.TimeoutException\r\n\tat java.base/java.util.concurrent.CompletableFuture.timedGet(CompletableFuture.java:1960)\r\n\tat java.base/java.util.concurrent.CompletableFuture.get(CompletableFuture.java:2095)\r\n\tat org.asynchttpclient.netty.NettyResponseFuture.get(NettyResponseFuture.java:206)\r\n\tat org.openqa.selenium.remote.http.netty.NettyHttpHandler.makeCall(NettyHttpHandler.java:59)\r\n\t... 39 more\r\n"},"stage":"finished","description":"This test case verify a user can't send a post before the previous one is approved","steps":[{"name":"Test","status":"broken","statusDetails":{"known":false,"muted":false,"flaky":false,"message":"java.util.concurrent.TimeoutException\nBuild info: version: '4.9.1', revision: 'eb2032df7f'\nSystem info: os.name: 'Windows 10', os.arch: 'amd64', os.version: '10.0', java.version: '17.0.6'\nDriver info: io.appium.java_client.android.AndroidDriver\nCommand: [4a64c3fa-2375-4e14-a617-03a5994903db, clickElement {id=eyJrZXlWYWx1ZVR5cGUiOiJTdHJpbmciLCJrZXlWYWx1ZVN0cmluZyI6ImJ1dHRvbl9hZGRfaHlkcmF0aW9uIiwiZmluZGVyVHlwZSI6IkJ5VmFsdWVLZXkifQ==}]\nCapabilities {appium:address: 127.0.0.1, appium:allowCors: false, appium:allowInsecure: [], appium:appActivity: .MainActivity, appium:appPackage: io.water.hydration, appium:autoGrantPermissions: true, appium:automationName: Flutter, appium:basePath: , appium:callbackPort: 4723, appium:debugLogSpacing: false, appium:denyInsecure: [], appium:extraArgs: [], appium:fastReset: false, appium:fullReset: false, appium:keepAliveTimeout: 600, appium:localTimezone: false, appium:logNoColors: false, appium:logTimestamp: false, appium:loglevel: debug, appium:longStacktrace: false, appium:newCommandTimeout: 300, appium:noPermsCheck: false, appium:noReset: true, appium:platformVersion: 12, appium:port: 4723, appium:relaxedSecurityEnabled: false, appium:resetKeyboard: true, appium:sessionOverride: false, appium:skipUninstall: true, appium:strictCaps: false, appium:subcommand: server, appium:tmpDir: C:\\Users\\Roi\\AppData\\Local\\..., appium:udid: ZPGUJ76XUWQGJRKJ, appium:unicodeKeyboard: true, appium:useDrivers: [], appium:usePlugins: [], platformName: ANDROID}\nElement: [io.github.ashwith.flutter.FlutterElement@95dd0c95 -> unknown locator]\nSession ID: 4a64c3fa-2375-4e14-a617-03a5994903db","trace":"org.openqa.selenium.TimeoutException: java.util.concurrent.TimeoutException\nBuild info: version: '4.9.1', revision: 'eb2032df7f'\nSystem info: os.name: 'Windows 10', os.arch: 'amd64', os.version: '10.0', java.version: '17.0.6'\nDriver info: io.appium.java_client.android.AndroidDriver\nCommand: [4a64c3fa-2375-4e14-a617-03a5994903db, clickElement {id=eyJrZXlWYWx1ZVR5cGUiOiJTdHJpbmciLCJrZXlWYWx1ZVN0cmluZyI6ImJ1dHRvbl9hZGRfaHlkcmF0aW9uIiwiZmluZGVyVHlwZSI6IkJ5VmFsdWVLZXkifQ==}]\nCapabilities {appium:address: 127.0.0.1, appium:allowCors: false, appium:allowInsecure: [], appium:appActivity: .MainActivity, appium:appPackage: io.water.hydration, appium:autoGrantPermissions: true, appium:automationName: Flutter, appium:basePath: , appium:callbackPort: 4723, appium:debugLogSpacing: false, appium:denyInsecure: [], appium:extraArgs: [], appium:fastReset: false, appium:fullReset: false, appium:keepAliveTimeout: 600, appium:localTimezone: false, appium:logNoColors: false, appium:logTimestamp: false, appium:loglevel: debug, appium:longStacktrace: false, appium:newCommandTimeout: 300, appium:noPermsCheck: false, appium:noReset: true, appium:platformVersion: 12, appium:port: 4723, appium:relaxedSecurityEnabled: false, appium:resetKeyboard: true, appium:sessionOverride: false, appium:skipUninstall: true, appium:strictCaps: false, appium:subcommand: server, appium:tmpDir: C:\\Users\\Roi\\AppData\\Local\\..., appium:udid: ZPGUJ76XUWQGJRKJ, appium:unicodeKeyboard: true, appium:useDrivers: [], appium:usePlugins: [], platformName: ANDROID}\nElement: [io.github.ashwith.flutter.FlutterElement@95dd0c95 -> unknown locator]\nSession ID: 4a64c3fa-2375-4e14-a617-03a5994903db\r\n\tat org.openqa.selenium.remote.http.netty.NettyHttpHandler.makeCall(NettyHttpHandler.java:65)\r\n\tat io.appium.java_client.AppiumUserAgentFilter.lambda$apply$0(AppiumUserAgentFilter.java:88)\r\n\tat org.openqa.selenium.remote.http.Filter.lambda$andFinally$1(Filter.java:56)\r\n\tat org.openqa.selenium.remote.http.netty.NettyHttpHandler.execute(NettyHttpHandler.java:49)\r\n\tat io.appium.java_client.AppiumUserAgentFilter.lambda$apply$0(AppiumUserAgentFilter.java:88)\r\n\tat org.openqa.selenium.remote.http.Filter.lambda$andFinally$1(Filter.java:56)\r\n\tat org.openqa.selenium.remote.http.netty.NettyClient.execute(NettyClient.java:99)\r\n\tat org.openqa.selenium.remote.HttpCommandExecutor.execute(HttpCommandExecutor.java:190)\r\n\tat io.appium.java_client.remote.AppiumCommandExecutor.execute(AppiumCommandExecutor.java:250)\r\n\tat org.openqa.selenium.remote.RemoteWebDriver.execute(RemoteWebDriver.java:543)\r\n\tat org.openqa.selenium.remote.RemoteWebElement.execute(RemoteWebElement.java:257)\r\n\tat org.openqa.selenium.remote.RemoteWebElement.click(RemoteWebElement.java:78)\r\n\tat POC.Test1.test01_verifyWaterio(Test1.java:41)\r\n\tat java.base/jdk.internal.reflect.NativeMethodAccessorImpl.invoke0(Native Method)\r\n\tat java.base/jdk.internal.reflect.NativeMethodAccessorImpl.invoke(NativeMethodAccessorImpl.java:77)\r\n\tat java.base/jdk.internal.reflect.DelegatingMethodAccessorImpl.invoke(DelegatingMethodAccessorImpl.java:43)\r\n\tat java.base/java.lang.reflect.Method.invoke(Method.java:568)\r\n\tat org.testng.internal.invokers.MethodInvocationHelper.invokeMethod(MethodInvocationHelper.java:139)\r\n\tat org.testng.internal.invokers.TestInvoker.invokeMethod(TestInvoker.java:664)\r\n\tat org.testng.internal.invokers.TestInvoker.invokeTestMethod(TestInvoker.java:227)\r\n\tat org.testng.internal.invokers.MethodRunner.runInSequence(MethodRunner.java:50)\r\n\tat org.testng.internal.invokers.TestInvoker$MethodInvocationAgent.invoke(TestInvoker.java:957)\r\n\tat org.testng.internal.invokers.TestInvoker.invokeTestMethods(TestInvoker.java:200)\r\n\tat org.testng.internal.invokers.TestMethodWorker.invokeTestMethods(TestMethodWorker.java:148)\r\n\tat org.testng.internal.invokers.TestMethodWorker.run(TestMethodWorker.java:128)\r\n\tat java.base/java.util.ArrayList.forEach(ArrayList.java:1511)\r\n\tat org.testng.TestRunner.privateRun(TestRunner.java:848)\r\n\tat org.testng.TestRunner.run(TestRunner.java:621)\r\n\tat org.testng.SuiteRunner.runTest(SuiteRunner.java:443)\r\n\tat org.testng.SuiteRunner.runSequentially(SuiteRunner.java:437)\r\n\tat org.testng.SuiteRunner.privateRun(SuiteRunner.java:397)\r\n\tat org.testng.SuiteRunner.run(SuiteRunner.java:336)\r\n\tat org.testng.SuiteRunnerWorker.runSuite(SuiteRunnerWorker.java:52)\r\n\tat org.testng.SuiteRunnerWorker.run(SuiteRunnerWorker.java:95)\r\n\tat org.testng.TestNG.runSuitesSequentially(TestNG.java:1280)\r\n\tat org.testng.TestNG.runSuitesLocally(TestNG.java:1200)\r\n\tat org.testng.TestNG.runSuites(TestNG.java:1114)\r\n\tat org.testng.TestNG.run(TestNG.java:1082)\r\n\tat com.intellij.rt.testng.IDEARemoteTestNG.run(IDEARemoteTestNG.java:66)\r\n\tat com.intellij.rt.testng.RemoteTestNGStarter.main(RemoteTestNGStarter.java:109)\r\nCaused by: java.util.concurrent.TimeoutException\r\n\tat java.base/java.util.concurrent.CompletableFuture.timedGet(CompletableFuture.java:1960)\r\n\tat java.base/java.util.concurrent.CompletableFuture.get(CompletableFuture.java:2095)\r\n\tat org.asynchttpclient.netty.NettyResponseFuture.get(NettyResponseFuture.java:206)\r\n\tat org.openqa.selenium.remote.http.netty.NettyHttpHandler.makeCall(NettyHttpHandler.java:59)\r\n\t... 39 more\r\n"},"stage":"finished","steps":[{"name":"Log in","status":"passed","stage":"finished","steps":[],"attachments":[],"parameters":[],"start":1689687292597,"stop":1689687306977}],"attachments":[],"parameters":[],"start":1689687292577,"stop":1689687906997}],"attachments":[],"parameters":[],"start":1689687292546,"stop":1689687907004}